<?xml version="1.0" encoding="UTF-8"?>
<!-- Generated by org.testng.reporters.JUnitReportReporter -->
<testsuite hostname="MAA-ABALU-L" name="testpkg.TestClass" tests="1" failures="0" timestamp="20 Jul 2018 09:01:42 GMT" time="0.013" errors="0">
  <testcase name="FirstTest" time="0.013" classname="testpkg.TestClass"/>
</testsuite> <!-- testpkg.TestClass -->
