<?xml version="1.0" encoding="UTF-8"?>
<!-- Generated by org.testng.reporters.JUnitReportReporter -->
<testsuite name="com.test.NewTest" tests="1" time="0.010" ignored="0" failures="0" timestamp="19 Jul 2018 06:38:24 GMT" skipped="0" hostname="MAA-ABALU-L" errors="0">
  <testcase name="FindOS" time="0.010" classname="com.test.NewTest"/>
</testsuite> <!-- com.test.NewTest -->
