<?xml version="1.0" encoding="UTF-8"?>
<!-- Generated by org.testng.reporters.JUnitReportReporter -->
<testsuite name="testpkg.TestClass" tests="1" time="0.008" ignored="0" failures="0" timestamp="23 Jul 2018 07:11:51 GMT" skipped="0" hostname="MAA-ABALU-L" errors="0">
  <testcase name="FirstTest" time="0.008" classname="testpkg.TestClass"/>
</testsuite> <!-- testpkg.TestClass -->
