<?xml version="1.0" encoding="UTF-8"?>
<!-- Generated by org.testng.reporters.JUnitReportReporter -->
<testsuite hostname="MAA-ABALU-L" name="testpkg.TestClass" tests="1" failures="0" timestamp="20 Jul 2018 06:56:14 GMT" time="0.006" errors="0">
  <testcase name="f" time="0.006" classname="testpkg.TestClass"/>
</testsuite> <!-- testpkg.TestClass -->
