<?xml version="1.0" encoding="UTF-8"?>
<!-- Generated by org.testng.reporters.JUnitReportReporter -->
<testsuite name="com.test.NewTest" tests="1" time="4.006" ignored="0" failures="0" timestamp="17 Jul 2018 11:11:07 GMT" skipped="0" hostname="MAA-ABALU-L" errors="0">
  <testcase name="verifySearchButton" time="4.006" classname="com.test.NewTest"/>
</testsuite> <!-- com.test.NewTest -->
